Arguments: 
  C:\Program Files\nodejs\node.exe C:\Users\Saeed\AppData\Roaming\npm\node_modules\yarn\bin\yarn.js

PATH: 
  C:\Program Files (x86)\Microsoft SDKs\Azure\CLI2\wbin;D:\app\Saeed\product\11.2.0\dbhome_1\bin;C:\app\Saeed\product\11.2.0\dbhome_1\bin;F:\app\Saeed\product\11.2.0\dbhome_1\bin;C:\Program Files\Common Files\Oracle\Java\javapath;C:\Program Files (x86)\Common Files\Oracle\Java\javapath;C:\Windows\system32;C:\Windows;C:\Windows\System32\Wbem;C:\Windows\System32\WindowsPowerShell\v1.0\;C:\Windows\System32\OpenSSH\;D:\Git\cmd;C:\ProgramData\chocolatey\bin;D:\Node\:D:\Java\bin;D:\Program Files\MATLAB\MATLAB Production Server\R2015a\runtime\win64;D:\Program Files\MATLAB\MATLAB Production Server\R2015a\bin;D:\Program Files\MATLAB\MATLAB Production Server\R2015a\polyspace\bin;C:\Program Files\php-8.1.8;C:\Users\Saeed\AppData\Roaming\nvm;C:\Program Files\nodejs;C:\Users\Saeed\AppData\Local\Programs\Python\Python38\Scripts\;C:\Users\Saeed\AppData\Local\Programs\Python\Python38\;C:\Program Files\MySQL\MySQL Shell 8.0\bin\;C:\Users\Saeed\AppData\Local\Microsoft\WindowsApps;D:\Microsoft VS Code\bin;C:\Users\Saeed\flutter\bin;C:\Program Files\PostgreSQL\14\bin;C:\Program Files\mongosh-1.5.4-win32-x64\bin;C:\Users\Saeed\AppData\Roaming\npm;C:\Users\Saeed\AppData\Local\GitHubDesktop\bin;C:\Users\Saeed\AppData\Roaming\nvm;C:\Program Files\nodejs;C:\Users\Saeed\AppData\Local\Programs\MiKTeX\miktex\bin\x64\

Yarn version: 
  1.22.19

Node version: 
  14.21.1

Platform: 
  win32 x64

Trace: 
  Error: https://registry.yarnpkg.com/@mui/icons-material/-/icons-material-5.11.11.tgz: ESOCKETTIMEDOUT
      at ClientRequest.<anonymous> (C:\Users\Saeed\AppData\Roaming\npm\node_modules\yarn\lib\cli.js:141517:19)
      at Object.onceWrapper (events.js:519:28)
      at ClientRequest.emit (events.js:400:28)
      at TLSSocket.emitRequestTimeout (_http_client.js:790:9)
      at Object.onceWrapper (events.js:519:28)
      at TLSSocket.emit (events.js:412:35)
      at TLSSocket.Socket._onTimeout (net.js:495:8)
      at listOnTimeout (internal/timers.js:557:17)
      at processTimers (internal/timers.js:500:7)

npm manifest: 
  {
    "name": "veri-park",
    "version": "0.1.0",
    "private": true,
    "dependencies": {
      "@emotion/react": "^11.10.6",
      "@emotion/styled": "^11.10.6",
      "@mui/icons-material": "^5.11.11",
      "@mui/material": "^5.11.12",
      "@mui/styled-engine-sc": "^5.11.11",
      "@react-google-maps/api": "^2.18.1",
      "@splidejs/react-splide": "^0.7.12",
      "@testing-library/jest-dom": "^5.16.5",
      "@testing-library/react": "^13.4.0",
      "@testing-library/user-event": "^13.5.0",
      "react": "^18.2.0",
      "react-dom": "^18.2.0",
      "react-router-dom": "^6.8.2",
      "react-scripts": "5.0.1",
      "styled-components": "^5.3.8",
      "web-vitals": "^2.1.4"
    },
    "scripts": {
      "start": "react-scripts start",
      "build": "react-scripts build",
      "test": "react-scripts test",
      "eject": "react-scripts eject"
    },
    "eslintConfig": {
      "extends": [
        "react-app",
        "react-app/jest"
      ]
    },
    "browserslist": {
      "production": [
        ">0.2%",
        "not dead",
        "not op_mini all"
      ],
      "development": [
        "last 1 chrome version",
        "last 1 firefox version",
        "last 1 safari version"
      ]
    }
  }

yarn manifest: 
  No manifest

Lockfile: 
  No lockfile
